I, [2019-12-18T04:46:50] -- run: INSERT INTO users (name, email, password, salt, auth_id) VALUES ("user1", "user1@gmail.com", "$2a$10$SwP.vXN4LX1CYr3xY8zXp.pkW/CCYoP3b7fdWZMwJWZQ/RN31yLOK", "$2a$10$SwP.vXN4LX1CYr3xY8zXp.", 2), ("user2", "user2@gmail.com", "$2a$10$kqWZZMk48ewAr0pXitV6b.AEsjOTjKc26M27Xy3joITzmMSHylqqa", "$2a$10$kqWZZMk48ewAr0pXitV6b.", 1), ("user3", "user3@gmail.com", "$2a$10$DATrqfM7gcwohJ6A6x3zquz/rVhBVThqH6MX.vQTUzpWvzniC57x2", "$2a$10$DATrqfM7gcwohJ6A6x3zqu", 2), ("user4", "user4@gmail.com", "$2a$10$vbcAZS3LBTMiMr2wKkKNE.IHFaATfTQaSQY8Y5gKDhT32v88l61OG", "$2a$10$vbcAZS3LBTMiMr2wKkKNE.", 1), ("user5", "user5@gmail.com", "$2a$10$24Kl7w5H2ttZqrEWPhHy4ObCw6Y0gyz8oXViWQb02cFCg.Ka1iyUu", "$2a$10$24Kl7w5H2ttZqrEWPhHy4O", 2), ("user6", "user6@gmail.com", "$2a$10$0eVjMGCNFM5Tl0dOpfLv2Ocr49pIbN8.I7Kk/2CixYxoRd8oPyHdG", "$2a$10$0eVjMGCNFM5Tl0dOpfLv2O", 1), ("user7", "user7@gmail.com", "$2a$10$2xz647yFnbwxJ/Qzy.MIj.n06pwwfu/4nXRvi5D3VpO576HsbdfvC", "$2a$10$2xz647yFnbwxJ/Qzy.MIj.", 2), ("user8", "user8@gmail.com", "$2a$10$O9UwBk72HdtftIxYY59j9eEvPP26SNfqpx4wHmD3E6Y628dRs7CLy", "$2a$10$O9UwBk72HdtftIxYY59j9e", 1), ("user9", "user9@gmail.com", "$2a$10$WqqNQ8M.LcPPXa8lCyA.rezkJe00.T/gaoOR/McCkAT4M5A22ae0G", "$2a$10$WqqNQ8M.LcPPXa8lCyA.re", 2), ("user10", "user10@gmail.com", "$2a$10$OTMGU3vBGzP9Eu./nIwza.FV1KHBycqQGXJ5rE270oamCbe2g.90G", "$2a$10$OTMGU3vBGzP9Eu./nIwza.", 1), ("user11", "user11@gmail.com", "$2a$10$KlzYYY0i8SIFxTLbqHT.XeNP2EHvIKpvPczaw.SHHWTBDT5xhbI12", "$2a$10$KlzYYY0i8SIFxTLbqHT.Xe", 2), ("user12", "user12@gmail.com", "$2a$10$Fk0mouGLUXCBAV3F/DsyDucSJRQTcJIwcOQsy1dqWH/tJkRhaDg/K", "$2a$10$Fk0mouGLUXCBAV3F/DsyDu", 1), ("user13", "user13@gmail.com", "$2a$10$NsCrVr/hTaVCESZvjIGw4.XBvJKFDoShEUVSbdM3OPzP71fYLKnTa", "$2a$10$NsCrVr/hTaVCESZvjIGw4.", 2), ("user14", "user14@gmail.com", "$2a$10$HU/S64APyrJM7UcsHm5qmexx/bBVB0dri2V0XdnSRUdjmVHOiIDCa", "$2a$10$HU/S64APyrJM7UcsHm5qme", 1), ("user15", "user15@gmail.com", "$2a$10$m847uzXnoqtCmixBpIQD/.W0wAu/KlZ1LCybJwQ3RkAB8eB.tReSu", "$2a$10$m847uzXnoqtCmixBpIQD/.", 2), ("user16", "user16@gmail.com", "$2a$10$F.a8QeyJqNowiY/bCvw6vukS4ZbQzJ7WiL6iKMRS5YK8x2e4zjH7q", "$2a$10$F.a8QeyJqNowiY/bCvw6vu", 1), ("user17", "user17@gmail.com", "$2a$10$P24GB4rrX1pUZISKWoiYa.32CkUorT/7f1QEt9xgNsRyk28xdYXhG", "$2a$10$P24GB4rrX1pUZISKWoiYa.", 2), ("user18", "user18@gmail.com", "$2a$10$tG9aXrvcV.b36Qxamnvp0uJbJrUlX1mzJg3w4J1NZt5j7b.cg03MG", "$2a$10$tG9aXrvcV.b36Qxamnvp0u", 1), ("user19", "user19@gmail.com", "$2a$10$Iqwv3BGzJUGTZiTW9vaRm.18dPRGv.ydGzsaY/0IzGfQdv7b3WdF.", "$2a$10$Iqwv3BGzJUGTZiTW9vaRm.", 2), ("user20", "user20@gmail.com", "$2a$10$K3bBqhfeBjOw2jiWuEISAeh2x/7NtzRkXaYH3iVlyj4.aLXXP5B4i", "$2a$10$K3bBqhfeBjOw2jiWuEISAe", 1)I, [2019-12-18T04:46:52] -- run: SELECT users.id, users.email FROM users JOIN auth ON auth.id = users.auth_id WHERE name = "user3" AND name = "user4" AND users.id = 5 OR name = "user6" OR users.id = 7 LIMIT 10
I, [2019-12-18T04:46:52] -- run: SELECT * FROM users LIMIT 5
I, [2019-12-18T04:46:52] -- run: DELETE FROM users WHERE id = 3
I, [2019-12-18T04:46:51] -- run: DELETE FROM users WHERE name = "David"
I, [2019-12-18T04:46:51] -- run: SELECT * FROM users WHERE id = 2 LIMIT 1
I, [2019-12-18T04:46:51] -- run: SELECT * FROM users WHERE name = "David"
I, [2019-12-18T04:46:51] -- run: UPDATE users SET name = "David" WHERE id = 2
I, [2019-12-18T04:46:51] -- run: UPDATE users SET name = "David" WHERE id = 2
I, [2019-12-18T04:46:51] -- run: INSERT INTO users (name, password) VALUES ("Keith", "KeithPass")
I, [2019-12-18T04:46:51] -- run: INSERT INTO users (name, email) VALUES ("Mick", "Mick@gmail.com")
I, [2019-12-18T04:46:51] -- run: INSERT INTO users (name, email) VALUES ("John", "John@gmail.com"), ("Paul", "Paul@gmail.com")
I, [2019-12-18T04:46:51] -- run: INSERT INTO users (name, email) VALUES ("John", "John@gmail.com")
I, [2019-12-18T04:46:51] -- run: INSERT INTO users (name, email) VALUES ("John", "John@gmail.com")
I, [2019-12-18T04:46:51] -- run: SELECT id, email FROM users WHERE id = 3 LIMIT 1
I, [2019-12-18T04:46:51] -- run: SELECT * FROM users WHERE id = 4 LIMIT 1
I, [2019-12-18T04:46:51] -- run: SELECT id, email FROM users LIMIT 5
I, [2019-12-18T04:46:51] -- run: SELECT id, email FROM users LIMIT 5
I, [2019-12-18T04:46:51] -- run: SELECT users.id, users.email FROM users JOIN auth ON auth.id = users.auth_id WHERE name = "user3" OR name = "user4" OR users.id = 5 LIMIT 10
I, [2019-12-18T04:46:51] -- run: SELECT * FROM users

I, [2019-12-18T04:46:47] -- run: INSERT INTO auth (auth) VALUES ("admin"), ("user")
I, [2019-12-18T04:46:47] -- run: CREATE TABLE "users" ('id' INTEGER NOT NULL PRIMARY KEY AUTOINCREMENT, 'name' VARCHAR CHECK (length('name') <= 255), 'email' VARCHAR CHECK (length('email') <= 255), 'password' VARCHAR CHECK (length('password') <= 255), 'salt' VARCHAR CHECK (length('salt') <= 255), 'address' VARCHAR CHECK (length('address') <= 255), 'birth_date' DATE, 'auth_id' INTEGER, FOREIGN KEY('auth_id') REFERENCES auth(id) ON DELETE SET NULL)
I, [2019-12-18T04:46:46] -- run: CREATE TABLE "auth" ('id' INTEGER NOT NULL PRIMARY KEY AUTOINCREMENT, 'auth' VARCHAR NOT NULL CHECK (length('auth') <= 255))
I, [2019-12-18T04:46:46] -- run: drop table users
I, [2019-12-18T04:46:46] -- run: drop table auth
